<?xml version="1.0" encoding="UTF-8"?>
<testng-results ignored="0" total="1" passed="1" failed="0" skipped="0">
  <reporter-output>
  </reporter-output>
  <suite started-at="2025-04-10T15:50:40 EET" name="Default suite" finished-at="2025-04-10T15:50:40 EET" duration-ms="31">
    <groups>
    </groups>
    <test started-at="2025-04-10T15:50:40 EET" name="Default test" finished-at="2025-04-10T15:50:40 EET" duration-ms="31">
      <class name="demoTest">
        <test-method signature="PrintSel()[pri:0, instance:demoTest@54bff557]" started-at="2025-04-10T15:50:40 EET" name="PrintSel" finished-at="2025-04-10T15:50:40 EET" duration-ms="7" status="PASS">
          <reporter-output>
          </reporter-output>
        </test-method> <!-- PrintSel -->
      </class> <!-- demoTest -->
    </test> <!-- Default test -->
  </suite> <!-- Default suite -->
</testng-results>
